============================= test session starts =============================
platform win32 -- Python 3.13.13, pytest-9.0.3, pluggy-1.6.0 -- C:\Users\Ali\AppData\Local\Programs\Python\Python313\python.exe
cachedir: .pytest_cache
rootdir: C:\Users\Ali\OneDrive\Masaⁿstⁿ\bist_bot
configfile: pyproject.toml
plugins: cov-7.1.0
collecting ... collected 332 items / 23 deselected / 309 selected

tests/test_algolab_broker.py::test_authenticate_flow_uses_login_and_otp PASSED [  0%]
tests/test_algolab_broker.py::test_place_order_dry_run_does_not_call_http PASSED [  0%]
tests/test_algolab_broker.py::test_request_retries_on_timeout_then_succeeds PASSED [  0%]
tests/test_algolab_broker.py::test_rate_limit_waits_between_requests PASSED [  1%]
tests/test_app_metrics.py::test_render_metrics_contains_counter_and_gauge_values PASSED [  1%]
tests/test_app_metrics.py::test_counter_updates_are_thread_safe PASSED   [  1%]
tests/test_auth.py::test_login_successful PASSED                         [  2%]
tests/test_auth.py::test_login_wrong_password_returns_401 PASSED         [  2%]
tests/test_auth.py::test_register_creates_user_and_returns_token PASSED  [  2%]
tests/test_auth.py::test_register_returns_403_when_public_registration_disabled PASSED [  3%]
tests/test_auth.py::test_register_rejects_duplicate_email PASSED         [  3%]
tests/test_auth.py::test_register_rejects_short_password PASSED          [  3%]
tests/test_auth.py::test_login_rate_limit_returns_429 PASSED             [  4%]
tests/test_auth.py::test_scan_requires_token PASSED                      [  4%]
tests/test_auth.py::test_login_uses_existing_db_user_without_env_admin PASSED [  4%]
tests/test_auth.py::test_existing_db_users_prevent_env_bootstrap_override PASSED [  5%]
tests/test_auth.py::test_missing_jwt_secret_prevents_app_startup PASSED  [  5%]
tests/test_auth.py::test_legacy_bcrypt_hash_migrates_on_successful_login PASSED [  5%]
tests/test_backtest.py::test_backtester_enters_on_next_bar_open PASSED   [  6%]
tests/test_backtest.py::test_intrabar_simulation_uses_conservative_stop_for_same_bar_hits PASSED [  6%]
tests/test_backtest.py::test_intrabar_simulation_does_not_infer_target_first_from_bearish_close PASSED [  6%]
tests/test_backtest.py::test_dynamic_slippage_uses_atr_on_entry_and_exit PASSED [  7%]
tests/test_backtest.py::test_vectorized_backtest_shifts_signals_to_next_bar_open PASSED [  7%]
tests/test_backtest_ablation.py::test_backtest_ablation_runs_all_three_modes PASSED [  7%]
tests/test_backtest_ablation.py::test_meta_backtest_reports_probability_diagnostics PASSED [  8%]
tests/test_backtest_ablation.py::test_backtest_ablation_accepts_loaded_training_artifact PASSED [  8%]
tests/test_backtest_compare.py::test_run_slippage_sweep_respects_penalty_overrides PASSED [  8%]
tests/test_backtest_costs.py::test_cost_models_reduce_net_return PASSED  [  9%]
tests/test_backtest_runner.py::test_run_backtest_returns_without_crash_on_empty_watchlist PASSED [  9%]
tests/test_backtest_runner.py::test_run_backtest_skips_none_data PASSED  [  9%]
tests/test_backtest_runner.py::test_run_backtest_uses_historical_universe_when_requested PASSED [ 10%]
tests/test_backtest_vectorized.py::test_vectorized_backtest_matches_iterative_within_tolerance PASSED [ 10%]
tests/test_backtest_walkforward.py::test_walk_forward_generates_expected_windows_and_metrics PASSED [ 10%]
tests/test_backtest_walkforward.py::test_walk_forward_anchored_mode_expands_training_window PASSED [ 11%]
tests/test_circuit_breaker.py::test_initial_state_is_closed PASSED       [ 11%]
tests/test_circuit_breaker.py::test_daily_loss_trips_breaker PASSED      [ 11%]
tests/test_circuit_breaker.py::test_consecutive_errors_trip_breaker PASSED [ 11%]
tests/test_circuit_breaker.py::test_success_resets_error_counter PASSED  [ 12%]
tests/test_circuit_breaker.py::test_cooldown_transitions_to_half_open PASSED [ 12%]
tests/test_circuit_breaker.py::test_half_open_success_closes_breaker PASSED [ 12%]
tests/test_circuit_breaker.py::test_half_open_error_reopens_breaker PASSED [ 13%]
tests/test_circuit_breaker.py::test_daily_loss_resets_on_new_day PASSED  [ 13%]
tests/test_circuit_breaker.py::test_reset_closes_breaker_and_clears_counters PASSED [ 13%]
tests/test_circuit_breaker.py::test_snapshot_returns_expected_keys PASSED [ 14%]
tests/test_circuit_breaker.py::test_concurrent_access_does_not_corrupt_state PASSED [ 14%]
tests/test_circuit_breaker.py::test_zero_capital_raises_value_error PASSED [ 14%]
tests/test_circuit_breaker.py::test_negative_capital_raises_value_error PASSED [ 15%]
tests/test_config.py::test_flask_debug_default_false PASSED              [ 15%]
tests/test_config.py::test_flask_debug_env_override PASSED               [ 15%]
tests/test_config.py::test_flask_port_prefers_cloud_run_port PASSED      [ 16%]
tests/test_config.py::test_save_settings_strips_telegram_secrets PASSED  [ 16%]
tests/test_config.py::test_load_settings_merges_persisted_ui_preferences PASSED [ 16%]
tests/test_config.py::test_reset_settings_removes_persisted_file PASSED  [ 17%]
tests/test_config.py::test_settings_override_uses_fast_merged_view PASSED [ 17%]
tests/test_config.py::test_secret_settings_can_be_loaded_from_file PASSED [ 17%]
tests/test_dashboard_cache.py::test_scan_endpoint_accepts_force_refresh PASSED [ 18%]
tests/test_dashboard_cache.py::test_analyze_endpoint_uses_analysis_cache_and_force_refresh PASSED [ 18%]
tests/test_dashboard_cache.py::test_scan_endpoint_reuses_scan_service_side_effects PASSED [ 18%]
tests/test_dashboard_cache.py::test_scan_endpoint_auto_executes_when_broker_is_available PASSED [ 19%]
tests/test_data_fetcher.py::test_parse_tr_number PASSED                  [ 19%]
tests/test_data_fetcher.py::test_rate_limiter_initializes_request_store PASSED [ 19%]
tests/test_data_fetcher.py::test_rate_limiter_waits_when_called_too_soon PASSED [ 20%]
tests/test_data_fetcher.py::test_clean_ticker_list_normalizes_and_deduplicates PASSED [ 20%]
tests/test_data_fetcher.py::test_fetcher_uses_injected_provider_for_history_and_batch PASSED [ 20%]
tests/test_data_fetcher.py::test_fetcher_uses_provider_universe_when_watchlist_not_supplied PASSED [ 21%]
tests/test_data_fetcher.py::test_fetcher_falls_back_to_static_universe_when_provider_universe_empty PASSED [ 21%]
tests/test_data_fetcher.py::test_fetcher_uses_provider_quote_fallback_before_history PASSED [ 21%]
tests/test_data_fetcher.py::test_dependencies_selects_configured_data_provider PASSED [ 22%]
tests/test_data_fetcher.py::test_fetch_single_uses_cache_until_ttl_expires PASSED [ 22%]
tests/test_data_fetcher.py::test_fetch_single_force_refresh_bypasses_cache PASSED [ 22%]
tests/test_data_fetcher.py::test_fetch_all_recovers_partial_batch_failures_with_fallback PASSED [ 22%]
tests/test_data_fetcher_bist.py::test_get_current_price_realtime_success PASSED [ 23%]
tests/test_data_fetcher_bist.py::test_get_current_price_realtime_failure_yahoo_fallback PASSED [ 23%]
tests/test_data_fetcher_bist.py::test_get_current_price_both_fail PASSED [ 23%]
tests/test_data_fetcher_bist.py::test_get_current_price_realtime_disabled PASSED [ 24%]
tests/test_data_fetcher_helpers.py::test_normalize_ticker_various_formats PASSED [ 24%]
tests/test_data_fetcher_helpers.py::test_clean_ticker_list_deduplicates_and_normalizes PASSED [ 24%]
tests/test_data_fetcher_helpers.py::test_clean_ticker_list_preserves_order PASSED [ 25%]
tests/test_data_fetcher_helpers.py::test_validate_data_accepts_valid_dataframe PASSED [ 25%]
tests/test_data_fetcher_helpers.py::test_validate_data_rejects_none PASSED [ 25%]
tests/test_data_fetcher_helpers.py::test_validate_data_rejects_empty PASSED [ 26%]
tests/test_data_fetcher_helpers.py::test_validate_data_rejects_insufficient_rows PASSED [ 26%]
tests/test_data_fetcher_helpers.py::test_validate_data_rejects_mostly_null_rows PASSED [ 26%]
tests/test_data_fetcher_scraper.py::test_parse_number_various_formats PASSED [ 27%]
tests/test_data_fetcher_scraper.py::test_extract_quote_from_text_finds_price_and_change PASSED [ 27%]
tests/test_data_fetcher_scraper.py::test_extract_quote_from_text_returns_none_when_not_found PASSED [ 27%]
tests/test_data_fetcher_scraper.py::test_extract_quote_from_html_success PASSED [ 28%]
tests/test_data_fetcher_scraper.py::test_extract_quote_from_html_empty PASSED [ 28%]
tests/test_data_fetcher_scraper.py::test_extract_quote_from_html_no_price PASSED [ 28%]
tests/test_data_fetcher_scraper.py::test_scrape_bist_quote_success PASSED [ 29%]
tests/test_data_fetcher_scraper.py::test_scrape_bist_quote_timeout_retry PASSED [ 29%]
tests/test_data_fetcher_scraper.py::test_scrape_bist_quote_all_failures PASSED [ 29%]
tests/test_database_manager.py::test_database_manager_enables_wal_mode PASSED [ 30%]
tests/test_database_manager.py::test_signal_database_saves_and_reads_signal PASSED [ 30%]
tests/test_database_manager.py::test_database_manager_uses_database_url_for_non_sqlite_backends PASSED [ 30%]
tests/test_db.py::test_duplicate_signal_is_not_saved_twice PASSED        [ 31%]
tests/test_db.py::test_saved_signal_can_be_read_back PASSED              [ 31%]
tests/test_db.py::test_empty_db_query_does_not_crash PASSED              [ 31%]
tests/test_db.py::test_database_manager_retries_locked_writes PASSED     [ 32%]
tests/test_db.py::test_database_manager_read_only_session_does_not_commit PASSED [ 32%]
tests/test_db.py::test_portfolio_close_calculates_positive_pnl_for_winning_trade PASSED [ 32%]
tests/test_execution_service.py::test_execution_service_uses_signal_position_size_for_broker_order PASSED [ 33%]
tests/test_execution_service.py::test_execution_service_skips_when_position_size_is_zero PASSED [ 33%]
tests/test_healthcheck.py::test_healthcheck_returns_healthy_when_db_is_up PASSED [ 33%]
tests/test_healthcheck.py::test_healthcheck_shows_circuit_open_state PASSED [ 33%]
tests/test_healthcheck.py::test_healthcheck_returns_degraded_when_db_is_down PASSED [ 34%]
tests/test_healthcheck.py::test_readiness_check_returns_ok PASSED        [ 34%]
tests/test_indicators_adx.py::test_add_adx_produces_bounded_positive_value PASSED [ 34%]
tests/test_indicators_adx.py::test_add_adx_computes_atr_when_missing_and_drops_temp_columns PASSED [ 35%]
tests/test_indicators_adx.py::test_add_rsi_uses_plain_string_zone_labels PASSED [ 35%]
tests/test_indicators_adx.py::test_add_rsi_preserves_unknown_for_unseeded_rows PASSED [ 35%]
tests/test_indicators_correctness.py::TestATR::test_atr_positive_values PASSED [ 36%]
tests/test_indicators_correctness.py::TestATR::test_atr_increases_with_volatility PASSED [ 36%]
tests/test_indicators_correctness.py::TestADX::test_adx_bounded_0_to_100 PASSED [ 36%]
tests/test_indicators_correctness.py::TestADX::test_adx_strong_threshold PASSED [ 37%]
tests/test_indicators_correctness.py::TestADX::test_di_cross_detects_trend_reversal PASSED [ 37%]
tests/test_indicators_correctness.py::TestRSI::test_rsi_bounded_0_to_100 PASSED [ 37%]
tests/test_indicators_correctness.py::TestRSI::test_rsi_zones_valid PASSED [ 38%]
tests/test_indicators_correctness.py::TestRSI::test_rsi_oversold_below_30 PASSED [ 38%]
tests/test_indicators_correctness.py::TestMACD::test_macd_columns_exist PASSED [ 38%]
tests/test_indicators_correctness.py::TestMACD::test_macd_signal_smoothing PASSED [ 39%]
tests/test_indicators_correctness.py::TestSMA::test_sma_increases_with_price PASSED [ 39%]
tests/test_indicators_correctness.py::TestSMA::test_sma_larger_period_smoother PASSED [ 39%]
tests/test_indicators_correctness.py::TestEMA::test_ema_columns_exist PASSED [ 40%]
tests/test_indicators_correctness.py::TestEMA::test_ema_larger_period_smoother PASSED [ 40%]
tests/test_indicators_correctness.py::TestBollingerBands::test_bb_columns_exist PASSED [ 40%]
tests/test_indicators_correctness.py::TestBollingerBands::test_bb_width_positive PASSED [ 41%]
tests/test_indicators_correctness.py::TestStochastic::test_stoch_columns_exist PASSED [ 41%]
tests/test_indicators_correctness.py::TestStochastic::test_stoch_k_bounded_0_to_100 PASSED [ 41%]
tests/test_indicators_correctness.py::TestOBV::test_obv_columns_exist PASSED [ 42%]
tests/test_indicators_correctness.py::TestOBV::test_obv_increases_with_up_days PASSED [ 42%]
tests/test_indicators_correctness.py::TestCCI::test_cci_columns_exist PASSED [ 42%]
tests/test_indicators_correctness.py::TestVolumeProfile::test_volume_ratio_positive PASSED [ 43%]
tests/test_integration_flows.py::test_api_scan_persists_actionable_signals_and_logs PASSED [ 43%]
tests/test_integration_flows.py::test_api_scan_returns_500_when_fetch_fails PASSED [ 43%]
tests/test_integration_flows.py::test_api_analyze_returns_signal_payload PASSED [ 44%]
tests/test_integration_flows.py::test_api_analyze_returns_500_when_engine_fails PASSED [ 44%]
tests/test_integration_flows.py::test_signal_and_order_persistence_integration PASSED [ 44%]
tests/test_integration_flows.py::test_scan_orchestration_auto_execute_creates_sent_order PASSED [ 44%]
tests/test_integration_flows.py::test_scan_orchestration_marks_order_rejected_when_broker_fails PASSED [ 45%]
tests/test_locales.py::TestLocales::test_get_message_tr_default PASSED   [ 45%]
tests/test_locales.py::TestLocales::test_get_message_en PASSED           [ 45%]
tests/test_locales.py::TestLocales::test_get_message_fallback_unknown_key PASSED [ 46%]
tests/test_locales.py::TestLocales::test_get_message_with_params PASSED  [ 46%]
tests/test_locales.py::TestLocales::test_locale_fallback_unknown_locale PASSED [ 46%]
tests/test_locales.py::TestLocales::test_set_default_locale PASSED       [ 47%]
tests/test_locales.py::TestLocales::test_get_available_locales PASSED    [ 47%]
tests/test_locales.py::TestSignalTypeI18n::test_signal_type_display_tr PASSED [ 47%]
tests/test_locales.py::TestSignalTypeI18n::test_signal_type_display_en_with_locale PASSED [ 48%]
tests/test_locales.py::TestSignalTypeI18n::test_signal_type_value_backward_compat PASSED [ 48%]
tests/test_locales.py::TestSignalTypeI18n::test_signal_type_key PASSED   [ 48%]
tests/test_locales.py::TestSignalTypeI18n::test_confidence_display PASSED [ 49%]
tests/test_meta_model.py::test_probability_calibrator_platt_outputs_bounded_values PASSED [ 49%]
tests/test_meta_model.py::test_signal_meta_model_fit_and_predict_probability PASSED [ 49%]
tests/test_meta_model_training.py::test_split_dataset_creates_time_ordered_partitions PASSED [ 50%]
tests/test_meta_model_training.py::test_train_meta_model_persists_expected_artifacts PASSED [ 50%]
tests/test_ml_position_sizing.py::test_probability_sizing_applies_fractional_kelly_cap PASSED [ 50%]
tests/test_ml_position_sizing.py::test_probability_sizing_blocks_low_liquidity PASSED [ 51%]
tests/test_ml_position_sizing.py::test_probability_sizing_blocks_when_daily_loss_cap_is_hit PASSED [ 51%]
tests/test_ml_position_sizing.py::test_daily_realized_pnl_resets_when_day_rolls_over PASSED [ 51%]
tests/test_observability.py::test_metrics_endpoint_returns_200 PASSED    [ 52%]
tests/test_observability.py::test_scan_updates_metrics_counters PASSED   [ 52%]
tests/test_observability.py::test_json_logging_renders_without_error PASSED [ 52%]
tests/test_official_provider.py::TestOfficialProviderAuth::test_auth_success_stores_token PASSED [ 53%]
tests/test_official_provider.py::TestOfficialProviderAuth::test_auth_success_access_token_field PASSED [ 53%]
tests/test_official_provider.py::TestOfficialProviderAuth::test_auth_success_nested_data_token PASSED [ 53%]
tests/test_official_provider.py::TestOfficialProviderAuth::test_auth_401_raises_authentication_error PASSED [ 54%]
tests/test_official_provider.py::TestOfficialProviderAuth::test_auth_no_token_in_response_raises PASSED [ 54%]
tests/test_official_provider.py::TestOfficialProviderAuth::test_auth_429_raises_rate_limit_error PASSED [ 54%]
tests/test_official_provider.py::TestOfficialProviderAuth::test_ensure_auth_skips_when_token_valid PASSED [ 55%]
tests/test_official_provider.py::TestOfficialProviderAuth::test_ensure_auth_calls_when_token_missing PASSED [ 55%]
tests/test_official_provider.py::TestOfficialProviderFetchHistory::test_fetch_history_returns_dataframe PASSED [ 55%]
tests/test_official_provider.py::TestOfficialProviderFetchHistory::test_fetch_history_empty_data_returns_none PASSED [ 55%]
tests/test_official_provider.py::TestOfficialProviderFetchHistory::test_fetch_history_error_returns_none PASSED [ 56%]
tests/test_official_provider.py::TestOfficialProviderFetchHistory::test_fetch_history_calls_rate_limiter PASSED [ 56%]
tests/test_official_provider.py::TestOfficialProviderFetchQuote::test_fetch_quote_returns_price PASSED [ 56%]
tests/test_official_provider.py::TestOfficialProviderFetchQuote::test_fetch_quote_missing_price_returns_none PASSED [ 57%]
tests/test_official_provider.py::TestOfficialProviderFetchQuote::test_fetch_quote_error_returns_none PASSED [ 57%]
tests/test_official_provider.py::TestOfficialProviderFetchBatch::test_fetch_batch_returns_results PASSED [ 57%]
tests/test_official_provider.py::TestOfficialProviderFetchBatch::test_fetch_batch_empty_tickers_returns_empty PASSED [ 58%]
tests/test_official_provider.py::TestOfficialProviderFetchBatch::test_fetch_batch_error_returns_nones PASSED [ 58%]
tests/test_official_provider.py::TestOfficialProviderFetchUniverse::test_fetch_universe_returns_list PASSED [ 58%]
tests/test_official_provider.py::TestOfficialProviderFetchUniverse::test_fetch_universe_error_returns_empty PASSED [ 59%]
tests/test_official_provider.py::TestOfficialProviderRetry::test_retries_on_server_error PASSED [ 59%]
tests/test_official_provider.py::TestOfficialProviderRetry::test_retries_on_rate_limit PASSED [ 59%]
tests/test_official_provider.py::TestOfficialProviderRetry::test_raises_after_max_retries PASSED [ 60%]
tests/test_official_provider.py::TestOfficialProviderRetry::test_client_error_not_retried PASSED [ 60%]
tests/test_official_provider.py::TestOfficialProviderRetry::test_retries_on_connection_error PASSED [ 60%]
tests/test_official_provider.py::TestOfficialProviderRetry::test_401_in_request_clears_token PASSED [ 61%]
tests/test_official_provider.py::TestOfficialProviderPeriodMapping::test_period_to_start_end PASSED [ 61%]
tests/test_official_provider.py::TestOfficialProviderPeriodMapping::test_period_ytd PASSED [ 61%]
tests/test_official_provider.py::TestOfficialProviderPeriodMapping::test_period_unknown_defaults PASSED [ 62%]
tests/test_official_provider.py::TestOfficialProviderOHLCVParsing::test_ohlcv_from_records_valid PASSED [ 62%]
tests/test_official_provider.py::TestOfficialProviderOHLCVParsing::test_ohlcv_from_records_empty PASSED [ 62%]
tests/test_official_provider.py::TestOfficialProviderOHLCVParsing::test_ohlcv_from_records_missing_columns PASSED [ 63%]
tests/test_official_provider.py::TestOfficialProviderEndpoints::test_default_endpoints PASSED [ 63%]
tests/test_official_provider.py::TestOfficialProviderEndpoints::test_custom_endpoints PASSED [ 63%]
tests/test_official_provider.py::TestOfficialProviderEndpoints::test_subclass_overrides_endpoints PASSED [ 64%]
tests/test_official_provider.py::TestOfficialProviderEndpoints::test_resolve_official_endpoints_supports_vendor_and_overrides PASSED [ 64%]
tests/test_official_provider.py::TestOfficialProviderEndpoints::test_build_official_provider_creates_vendor_specific_adapter PASSED [ 64%]
tests/test_official_provider.py::TestOfficialProviderStub::test_stub_fetch_history_returns_none PASSED [ 65%]
tests/test_official_provider.py::TestOfficialProviderStub::test_stub_fetch_batch_returns_nones PASSED [ 65%]
tests/test_official_provider.py::TestOfficialProviderStub::test_stub_fetch_quote_returns_none PASSED [ 65%]
tests/test_official_provider.py::TestOfficialProviderStub::test_stub_fetch_universe_returns_empty PASSED [ 66%]
tests/test_official_provider.py::TestDependenciesDataProviderSelection::test_official_provider_selected PASSED [ 66%]
tests/test_official_provider.py::TestDependenciesDataProviderSelection::test_official_provider_endpoint_override_selected PASSED [ 66%]
tests/test_official_provider.py::TestDependenciesDataProviderSelection::test_official_stub_selected PASSED [ 66%]
tests/test_official_provider.py::TestDependenciesDataProviderSelection::test_yfinance_selected_by_default PASSED [ 67%]
tests/test_official_provider.py::TestSettingsValidation::test_validate_data_provider_official_missing_fields PASSED [ 67%]
tests/test_official_provider.py::TestSettingsValidation::test_validate_data_provider_official_all_fields PASSED [ 67%]
tests/test_official_provider.py::TestSettingsValidation::test_validate_data_provider_yfinance_passes PASSED [ 68%]
tests/test_order_lifecycle.py::test_order_lifecycle_created_to_sent_to_filled PASSED [ 68%]
tests/test_order_lifecycle.py::test_order_repository_preserves_created_quantity_and_updated_state PASSED [ 68%]
tests/test_paper_trade_service.py::test_paper_trade_service_updates_open_trades PASSED [ 69%]
tests/test_paper_trade_service.py::test_paper_trade_service_closes_target_hit PASSED [ 69%]
tests/test_paper_trade_service.py::test_paper_trade_service_keeps_trade_open_without_stop_or_target_hit PASSED [ 69%]
tests/test_paper_trade_service.py::test_paper_trade_service_queues_actionable_signals PASSED [ 70%]
tests/test_passwords.py::test_hash_password_creates_scrypt_hash PASSED   [ 70%]
tests/test_passwords.py::test_verify_and_rehash_password_accepts_modern_hash PASSED [ 70%]
tests/test_passwords.py::test_verify_and_rehash_password_migrates_legacy_bcrypt_hash PASSED [ 71%]
tests/test_repository_signals.py::test_serialize_reasons PASSED          [ 71%]
tests/test_repository_signals.py::test_deserialize_reasons PASSED        [ 71%]
tests/test_repository_signals.py::test_signals_repository_init PASSED    [ 72%]
tests/test_repository_signals.py::test_save_signal_avoids_duplicates PASSED [ 72%]
tests/test_repository_signals.py::test_save_signal_adds_new PASSED       [ 72%]
tests/test_repository_signals.py::test_save_signal_persists_position_size PASSED [ 73%]
tests/test_repository_signals.py::test_get_signals_returns_empty_list PASSED [ 73%]
tests/test_repository_signals.py::test_get_signals_with_ticker_filter PASSED [ 73%]
tests/test_repository_signals.py::test_get_latest_signal_returns_none_when_no_signals PASSED [ 74%]
tests/test_repository_signals.py::test_get_latest_signal_returns_signal PASSED [ 74%]
tests/test_repository_signals.py::test_signal_exists_returns_false_when_no_matches PASSED [ 74%]
tests/test_repository_signals.py::test_signal_exists_returns_true_when_matches PASSED [ 75%]
tests/test_repository_signals.py::test_save_scan_log PASSED              [ 75%]
tests/test_repository_signals.py::test_update_outcome PASSED             [ 75%]
tests/test_repository_signals.py::test_update_outcome_signal_not_found PASSED [ 76%]
tests/test_repository_signals.py::test_get_performance_stats PASSED      [ 76%]
tests/test_repository_signals.py::test_signal_to_dict_conversion PASSED  [ 76%]
tests/test_risk_manager.py::test_high_atr_reduces_position_size FAILED   [ 77%]
tests/test_risk_manager.py::test_correlation_risk_limit_scales_position_and_matrix PASSED [ 77%]
tests/test_risk_manager.py::test_correlation_cluster_can_block_new_position PASSED [ 77%]
tests/test_risk_manager.py::test_position_size_is_never_negative PASSED  [ 77%]
tests/test_risk_manager.py::test_stop_loss_is_below_entry_price PASSED   [ 78%]
tests/test_risk_manager.py::test_zero_capital_raises_error PASSED        [ 78%]
tests/test_risk_manager_extended.py::test_risk_manager_initialization_with_settings PASSED [ 78%]
tests/test_risk_manager_extended.py::test_risk_manager_initialization_with_zero_capital_raises PASSED [ 79%]
tests/test_risk_manager_extended.py::test_calc_atr_levels_handles_missing_atr PASSED [ 79%]
tests/test_risk_manager_extended.py::test_calc_support_resistance_insufficient_data PASSED [ 79%]
tests/test_risk_manager_extended.py::test_calc_fibonacci_insufficient_data PASSED [ 80%]
tests/test_risk_manager_extended.py::test_determine_final_levels_no_valid_stops PASSED [ 80%]
tests/test_risk_manager_extended.py::test_calc_position_size_zero_risk_per_share PASSED [ 80%]
tests/test_risk_manager_extended.py::test_calc_position_size_respects_affordability_limit PASSED [ 81%]
tests/test_risk_manager_extended.py::test_apply_position_budget_zero_risk_per_share PASSED [ 81%]
tests/test_risk_manager_extended.py::test_calculate_atr_pct_edge_cases PASSED [ 81%]
tests/test_risk_manager_extended.py::test_calculate_risk_throttle_edge_cases PASSED [ 82%]
tests/test_risk_manager_extended.py::test_get_correlated_positions_uses_global_cache PASSED [ 82%]
tests/test_risk_manager_extended.py::test_sector_limit_functionality FAILED [ 82%]
tests/test_risk_manager_extended.py::test_sector_scan_context_manager PASSED [ 83%]
tests/test_risk_manager_extended.py::test_build_global_correlation_cache PASSED [ 83%]
tests/test_risk_manager_extended.py::test_risk_levels_dataclass_defaults PASSED [ 83%]
tests/test_risk_manager_extended.py::test_risk_manager_with_custom_parameters FAILED [ 84%]
tests/test_risk_persistence.py::test_risk_manager_restores_open_paper_position_state_after_restart PASSED [ 84%]
tests/test_risk_persistence.py::test_correlation_check_uses_restored_open_positions_after_restart PASSED [ 84%]
tests/test_risk_stops.py::TestCalcAtrLevels::test_atr_levels_calculation PASSED [ 85%]
tests/test_risk_stops.py::TestCalcAtrLevels::test_atr_none_returns_unchanged_levels PASSED [ 85%]
tests/test_risk_stops.py::TestCalcSupportResistance::test_support_below_price PASSED [ 85%]
tests/test_risk_stops.py::TestCalcSupportResistance::test_no_support_above_price PASSED [ 86%]
tests/test_risk_stops.py::TestCalcFibonacci::test_fibonacci_levels PASSED [ 86%]
tests/test_risk_stops.py::TestCalcFibonacci::test_fibonacci_zero_diff_falls_back_to_swing_high PASSED [ 86%]
tests/test_risk_stops.py::TestCalcFixedPercent::test_fixed_percent_levels PASSED [ 87%]
tests/test_risk_stops.py::TestCalcFixedPercent::test_fixed_percent_negative_prices PASSED [ 87%]
tests/test_risk_stops.py::TestCalcSwingLevels::test_swing_lows_below_price PASSED [ 87%]
tests/test_risk_stops.py::TestCalcSwingLevels::test_swing_highs_above_price PASSED [ 88%]
tests/test_risk_stops.py::TestCalcSwingLevels::test_insufficient_data PASSED [ 88%]
tests/test_risk_stops.py::TestDetermineFinalLevels::test_reasonable_stop_selected PASSED [ 88%]
tests/test_risk_stops.py::TestDetermineFinalLevels::test_fallback_to_valid_stops PASSED [ 88%]
tests/test_risk_stops.py::TestDetermineFinalLevels::test_fallback_to_fixed_percent PASSED [ 89%]
tests/test_risk_stops.py::TestDetermineFinalLevels::test_confidence_high_with_low_std PASSED [ 89%]
tests/test_risk_stops.py::TestDetermineFinalLevels::test_risk_reward_ratio_calculation PASSED [ 89%]
tests/test_scanner.py::test_scan_once_returns_empty_on_no_data PASSED    [ 90%]
tests/test_scanner.py::test_scan_once_orchestrates_side_effect_services PASSED [ 90%]
tests/test_scanner.py::test_scan_once_skips_paper_trade_updates_when_disabled PASSED [ 90%]
tests/test_scanner.py::test_scan_service_backwards_compatible_wrappers_delegate PASSED [ 91%]
tests/test_scanner.py::test_scan_once_force_refresh_uses_selective_invalidation PASSED [ 91%]
tests/test_scheduler.py::test_scheduler_uses_tr_timezone PASSED          [ 91%]
tests/test_shim_deprecation.py::TestRemovedLegacyShims::test_database_shim_removed PASSED [ 92%]
tests/test_shim_deprecation.py::TestRiskManagerShimRemoved::test_import_raises_import_error PASSED [ 92%]
tests/test_shim_deprecation.py::TestCanonicalImportPaths::test_risk_package_exports_risk_manager PASSED [ 92%]
tests/test_shim_deprecation.py::TestCanonicalImportPaths::test_db_package_exports_data_access PASSED [ 93%]
tests/test_signal_change_service.py::test_signal_change_service_sends_notification_on_change PASSED [ 93%]
tests/test_signal_change_service.py::test_signal_change_service_skips_when_signal_is_same PASSED [ 93%]
tests/test_strategy.py::test_engine_thresholds_match_config PASSED       [ 94%]
tests/test_strategy.py::test_engine_uses_configured_sideways_and_momentum_thresholds PASSED [ 94%]
tests/test_strategy.py::test_engine_uses_configurable_trigger_candle_minimum PASSED [ 94%]
tests/test_strategy.py::test_engine_uses_configurable_adx_threshold PASSED [ 95%]
tests/test_strategy.py::test_engine_filters_when_adx_is_missing PASSED   [ 95%]
tests/test_strategy.py::test_score_classification_full_range PASSED      [ 95%]
tests/test_strategy.py::test_multi_timeframe_long_signal_requires_daily_long_confluence PASSED [ 96%]
tests/test_strategy.py::test_multi_timeframe_long_signal_passes_with_daily_long_confluence PASSED [ 96%]
tests/test_strategy.py::test_rsi_low_and_macd_bullish_returns_buy_signal PASSED [ 96%]
tests/test_strategy.py::test_rsi_high_and_macd_bearish_returns_sell_signal PASSED [ 97%]
tests/test_strategy.py::test_empty_dataframe_does_not_crash PASSED       [ 97%]
tests/test_strategy.py::test_score_stays_within_expected_bounds PASSED   [ 97%]
tests/test_strategy.py::test_analyze_carries_risk_manager_position_size_into_signal PASSED [ 98%]
tests/test_strategy.py::test_analyze_applies_meta_model_probability_and_kelly PASSED [ 98%]
tests/test_streamlit_cooldown.py::test_consume_cooldown_allows_first_request PASSED [ 98%]
tests/test_streamlit_cooldown.py::test_consume_cooldown_blocks_rapid_repeat_request PASSED [ 99%]
tests/test_streamlit_cooldown.py::test_cooldown_expires_after_interval PASSED [ 99%]
tests/test_universe.py::test_get_universe_for_date_returns_matching_snapshot PASSED [ 99%]
tests/test_universe.py::test_get_universe_for_date_falls_back_to_current_universe PASSED [100%]

================================== FAILURES ===================================
_____________________ test_high_atr_reduces_position_size _____________________
tests\test_risk_manager.py:40: in test_high_atr_reduces_position_size
    assert high_vol.position_size < low_vol.position_size
E   AssertionError: assert 3 < 3
E    +  where 3 = RiskLevels(stop_atr=124.0, stop_support=127.36, stop_fibonacci=130.2, stop_percent=133.0, stop_swing=0.0, target_atr=164.0, target_resistance=141.0, target_fibonacci=141.0, target_percent=151.2, target_swing=0.0, final_stop=133.0, final_target=164.0, risk_reward_ratio=3.43, risk_pct=-5.0, reward_pct=17.14, position_size=3, max_loss_tl=21.0, risk_budget_tl=88.0, atr_pct=0.05714285714285714, volatility_scale=0.44, correlation_scale=1.0, signal_probability=None, full_kelly_fraction=0.0, kelly_fraction=0.0, liquidity_value=0.0, correlated_tickers=[], blocked_by_correlation=False, blocked_by_liquidity=False, blocked_by_daily_loss=False, blocked_by_probability=False, method_used='Stop: Yⁿzdelik | Hedef: ATR', confidence='confidence.medium').position_size
E    +  and   3 = RiskLevels(stop_atr=138.0, stop_support=127.36, stop_fibonacci=130.2, stop_percent=133.0, stop_swing=0.0, target_atr=143.0, target_resistance=141.0, target_fibonacci=141.0, target_percent=151.2, target_swing=0.0, final_stop=138.0, final_target=143.0, risk_reward_ratio=1.5, risk_pct=-1.43, reward_pct=2.14, position_size=3, max_loss_tl=6.0, risk_budget_tl=200.0, atr_pct=0.007142857142857143, volatility_scale=1.0, correlation_scale=1.0, signal_probability=None, full_kelly_fraction=0.0, kelly_fraction=0.0, liquidity_value=0.0, correlated_tickers=[], blocked_by_correlation=False, blocked_by_liquidity=False, blocked_by_daily_loss=False, blocked_by_probability=False, method_used='Stop: ATR | Hedef: ATR', confidence='confidence.medium').position_size
_______________________ test_sector_limit_functionality _______________________
tests\test_risk_manager_extended.py:239: in test_sector_limit_functionality
    assert manager.check_sector_limit("THYAO.IS") is False  # Same ticker again
    ^^^^^^^^^^^^^^^^^^^^^^^^^^^^^^^^^^^^^^^^^^^^^^^^^^^^^^
E   AssertionError: assert True is False
E    +  where True = check_sector_limit('THYAO.IS')
E    +    where check_sector_limit = <bist_bot.risk.manager.RiskManager object at 0x000001AC5E44FCE0>.check_sector_limit
__________________ test_risk_manager_with_custom_parameters ___________________
tests\test_risk_manager_extended.py:338: in test_risk_manager_with_custom_parameters
    assert manager.max_risk_pct == 5.0
E   assert 2.0 == 5.0
E    +  where 2.0 = <bist_bot.risk.manager.RiskManager object at 0x000001AC5E44FBB0>.max_risk_pct
=========================== short test summary info ===========================
FAILED tests/test_risk_manager.py::test_high_atr_reduces_position_size - Asse...
FAILED tests/test_risk_manager_extended.py::test_sector_limit_functionality
FAILED tests/test_risk_manager_extended.py::test_risk_manager_with_custom_parameters
================ 3 failed, 306 passed, 23 deselected in 11.96s ================
